11:51:13 P22DSH2   EZ390 START USING z390 V1.5.01fx1 ON J2SE 1.6.0_20 08/06/10
EZ390I Copyright 2008 Automated Software Tools Corporation
EZ390I z390 is licensed under GNU General Public License
EZ390I program = TEMP\P22DSH2.390
EZ390I options = 
ZMFACC Solution for problem P22DSH2 by DON HIGGINS using RUNSYS=390
SNAP DUMP ID=1 TEXT=Input Area
 R0-R3 F4F4F4F4FC000001 F4F4F4F4000FFEC0 F4F4F4F4F4F4F4F4 F4F4F4F4F4F4F4F4
 R4-R7 F4F4F4F4F4F4F4F4 F4F4F4F4F4F4F4F4 F4F4F4F4F4F4F4F4 F4F4F4F4F4F4F4F4
 R8-RB F4F4F4F4F4F4F4F4 F4F4F4F4F4F4F4F4 F4F4F4F4F4F4F4F4 F4F4F4F4F4F4F4F4
 RC-RF F4F4F4F4F4F4F4F4 F4F4F4F4800FFC70 F4F4F4F4000FFDBC F4F4F4F4000FFEA0
 F0-F3 F4F4F4F4F4F4F4F4 F4F4F4F4F4F4F4F4 F4F4F4F4F4F4F4F4 F4F4F4F4F4F4F4F4
 F4-F7 F4F4F4F4F4F4F4F4 F4F4F4F4F4F4F4F4 F4F4F4F4F4F4F4F4 F4F4F4F4F4F4F4F4
 F8-FB F4F4F4F4F4F4F4F4 F4F4F4F4F4F4F4F4 F4F4F4F4F4F4F4F4 F4F4F4F4F4F4F4F4
 FC-FF F4F4F4F4F4F4F4F4 F4F4F4F4F4F4F4F4 F4F4F4F4F4F4F4F4 F4F4F4F4F4F4F4F4
 CDE  PGM=P22DSH2.390 ENT=800FFC68 LOC=800FFC68 LEN=00000398 USE=01
 TIOT NO DCB ENTRIES FOUND
 000FFDBC *E2E3D9C9 D5C77EC3 96848540 8681A2A3* *STRING=Code fast*
 000FFDCC *85A2A340 8995A2A3 99A483A3 89969540* *est instruction *
 000FFDDC *A28598A4 85958385 40A39640 8396A495* *sequence to coun*
 000FFDEC *A3408289 A3A24089 95408195 40819982* *t bits in an arb*
 000FFDFC *89A39981 99A840A2 A3998995 87409686* *itrary string of*
 000FFE0C *4082A8A3 85A240A4 A2899587 4083A499* * bytes using cur*
 000FFE1C *998595A3 93A84081 A5818993 81829385* *rently available*
 000FFE2C *40A961C1 99838889 A38583A3 A4998540* * z/Architecture *
 000FFE3C *8995A2A3 99A483A3 899695A2 40979989* *instructions pri*
 000FFE4C *969940A3 96409585 A6408995 A2A399A4* *or to new instru*
 000FFE5C *83A38996 95408396 94899587 40A689A3* *ction coming wit*
 000FFE6C *8840A9F1 F9F640A6 88898388 4089A240* *h z196 which is *
 000FFE7C *85A2A389 9481A385 8440A396 40828540* *estimated to be *
 000FFE8C *F540A389 9485A240 8681A2A3 85994BF6* *5 times faster.6*
 000FFE9C *000000D8                           * *...Q            *
COUNT TOTAL BITS IN STRING USING NEW POPCNT Z196 INS
SNAP DUMP ID=2 TEXT=Output Area
 R0-R3 00000000FC000002 F4F4F4F4000FFF08 F4F4F4F4F4F4F4F4 F4F4F4F4000FFE98
 R4-R7 F4F4F4F4000000D3 F4F4F4F4000FFEB4 F4F4F4F400000008 F4F4F4F4000FFE97
 R8-RB F4F4F4F40000028F 0101010101010101 F4F4F4F400000004 F4F4F4F4F4F4F4F4
 RC-RF F4F4F4F4800FFFD0 F4F4F4F4800FFC70 F4F4F4F4000FFEA0 F4F4F4F4000FFEB8
 F0-F3 F4F4F4F4F4F4F4F4 F4F4F4F4F4F4F4F4 F4F4F4F4F4F4F4F4 F4F4F4F4F4F4F4F4
 F4-F7 F4F4F4F4F4F4F4F4 F4F4F4F4F4F4F4F4 F4F4F4F4F4F4F4F4 F4F4F4F4F4F4F4F4
 F8-FB F4F4F4F4F4F4F4F4 F4F4F4F4F4F4F4F4 F4F4F4F4F4F4F4F4 F4F4F4F4F4F4F4F4
 FC-FF F4F4F4F4F4F4F4F4 F4F4F4F4F4F4F4F4 F4F4F4F4F4F4F4F4 F4F4F4F4F4F4F4F4
 CDE  PGM=P22DSH2.390 ENT=800FFC68 LOC=800FFC68 LEN=00000398 USE=01
 TIOT NO DCB ENTRIES FOUND
 000FFEA0 *E3D6E3C1 D340C2C9 E340C3D6 E4D5E340* *TOTAL BIT COUNT *
 000FFEB0 *7EF6F6F6 0000028F                  * *=666...±        *
EZ390I instructions/sec     = 8057
EZ390I total errors         = 0
11:51:13 P22DSH2   EZ390 ENDED   RC= 0 SEC= 0 MEM(MB)= 19 IO=77 INS=282
