08:09:16 p22DSH1   EZ390 START USING z390 V1.5.01e ON J2SE 1.6.0_20 07/31/10
EZ390I Copyright 2008 Automated Software Tools Corporation
EZ390I z390 is licensed under GNU General Public License
EZ390I program = mfacc\p22DSH1.390
EZ390I options = 
ZMFACC Solution for problem P22DSH1 by DON HIGGINS using RUNSYS=390
SNAP DUMP ID=1 TEXT=Input Area
 R0-R3 F4F4F4F4FC000001 F4F4F4F4000FFE48 F4F4F4F4F4F4F4F4 F4F4F4F4F4F4F4F4
 R4-R7 F4F4F4F4F4F4F4F4 F4F4F4F4F4F4F4F4 F4F4F4F4F4F4F4F4 F4F4F4F4F4F4F4F4
 R8-RB F4F4F4F4F4F4F4F4 F4F4F4F4F4F4F4F4 F4F4F4F4F4F4F4F4 F4F4F4F4F4F4F4F4
 RC-RF F4F4F4F4F4F4F4F4 F4F4F4F4800FFBF8 F4F4F4F4000FFD40 F4F4F4F4000FFE24
 F0-F3 F4F4F4F4F4F4F4F4 F4F4F4F4F4F4F4F4 F4F4F4F4F4F4F4F4 F4F4F4F4F4F4F4F4
 F4-F7 F4F4F4F4F4F4F4F4 F4F4F4F4F4F4F4F4 F4F4F4F4F4F4F4F4 F4F4F4F4F4F4F4F4
 F8-FB F4F4F4F4F4F4F4F4 F4F4F4F4F4F4F4F4 F4F4F4F4F4F4F4F4 F4F4F4F4F4F4F4F4
 FC-FF F4F4F4F4F4F4F4F4 F4F4F4F4F4F4F4F4 F4F4F4F4F4F4F4F4 F4F4F4F4F4F4F4F4
 CDE  PGM=p22DSH1.390 ENT=800FFBF0 LOC=800FFBF0 LEN=00000410 USE=01
 TIOT NO DCB ENTRIES FOUND
 000FFD40 *E2E3D9C9 D5C77EF6 C3968485 408681A2* *STRING=6Code fas*
 000FFD50 *A385A2A3 408995A2 A399A483 A3899695* *test instruction*
 000FFD60 *40A28598 A4859583 8540A396 408396A4* * sequence to cou*
 000FFD70 *95A34082 89A3A240 89954081 95408199* *nt bits in an ar*
 000FFD80 *8289A399 8199A840 A2A39989 95874096* *bitrary string o*
 000FFD90 *864082A8 A385A240 A4A28995 874083A4* *f bytes using cu*
 000FFDA0 *99998595 A393A840 81A58189 93818293* *rrently availabl*
 000FFDB0 *8540A961 C1998388 89A38583 A3A49985* *e z/Architecture*
 000FFDC0 *408995A2 A399A483 A3899695 A2409799* * instructions pr*
 000FFDD0 *89969940 A3964095 85A64089 95A2A399* *ior to new instr*
 000FFDE0 *A483A389 96954083 96948995 8740A689* *uction coming wi*
 000FFDF0 *A38840A9 F1F9F640 A6888983 884089A2* *th z196 which is*
 000FFE00 *4085A2A3 899481A3 858440A3 96408285* * estimated to be*
 000FFE10 *40F540A3 899485A2 408681A2 A385994B* * 5 times faster.*
 000FFE20 *000000D8                           * *...Q            *
COUNT TOTAL BITS IN STRING AND DISPLAY RESULT
SNAP DUMP ID=2 TEXT=Output Area
 R0-R3 F4F4F4F4FC000002 F4F4F4F4000FFE90 F4F4F4F400000004 F4F4F4F4000FFE20
 R4-R7 F4F4F4F4000FFE20 F4F4F4F4000FFE38 F4F4F4F400000001 F4F4F4F4000FFE1F
 R8-RB F4F4F4F40000028F F4F4F4F4F4F4F4F4 F4F4F4F4F4F4F4F4 F4F4F4F4F4F4F4F4
 RC-RF F4F4F4F4F4F4F4F4 F4F4F4F4800FFBF8 F4F4F4F4000FFE24 F4F4F4F4000FFE3C
 F0-F3 F4F4F4F4F4F4F4F4 F4F4F4F4F4F4F4F4 F4F4F4F4F4F4F4F4 F4F4F4F4F4F4F4F4
 F4-F7 F4F4F4F4F4F4F4F4 F4F4F4F4F4F4F4F4 F4F4F4F4F4F4F4F4 F4F4F4F4F4F4F4F4
 F8-FB F4F4F4F4F4F4F4F4 F4F4F4F4F4F4F4F4 F4F4F4F4F4F4F4F4 F4F4F4F4F4F4F4F4
 FC-FF F4F4F4F4F4F4F4F4 F4F4F4F4F4F4F4F4 F4F4F4F4F4F4F4F4 F4F4F4F4F4F4F4F4
 CDE  PGM=p22DSH1.390 ENT=800FFBF0 LOC=800FFBF0 LEN=00000410 USE=01
 TIOT NO DCB ENTRIES FOUND
 000FFE24 *E3D6E3C1 D340C2C9 E340C3D6 E4D5E340* *TOTAL BIT COUNT *
 000FFE34 *7EF6F6F6 0000028F                  * *=666...±        *
EZ390I instructions/sec     = 21523
EZ390I total errors         = 0
08:09:16 p22DSH1   EZ390 ENDED   RC= 0 SEC= 0 MEM(MB)= 19 IO=77 INS=904
