08:11:44 P22GH1    EZ390 START USING z390 V1.5.01e ON J2SE 1.6.0_20 08/02/10
EZ390I Copyright 2008 Automated Software Tools Corporation
EZ390I z390 is licensed under GNU General Public License
EZ390I program = MFACC\P22GH1.390
EZ390I options = 
ZMFACC Solution for problem P22GH1 by Glen Herrmannsfeldt using RUNSYS=390
SNAP DUMP ID=1 TEXT=Input Area
 R0-R3 F4F4F4F4FC000001 F4F4F4F4000FFF78 F4F4F4F4F4F4F4F4 F4F4F4F4F4F4F4F4
 R4-R7 F4F4F4F4F4F4F4F4 F4F4F4F4F4F4F4F4 F4F4F4F4F4F4F4F4 F4F4F4F4F4F4F4F4
 R8-RB F4F4F4F4F4F4F4F4 F4F4F4F4F4F4F4F4 F4F4F4F4F4F4F4F4 F4F4F4F4F4F4F4F4
 RC-RF F4F4F4F4F4F4F4F4 F4F4F4F4800FFC80 F4F4F4F4000FFE44 F4F4F4F4000FFF34
 F0-F3 F4F4F4F4F4F4F4F4 F4F4F4F4F4F4F4F4 F4F4F4F4F4F4F4F4 F4F4F4F4F4F4F4F4
 F4-F7 F4F4F4F4F4F4F4F4 F4F4F4F4F4F4F4F4 F4F4F4F4F4F4F4F4 F4F4F4F4F4F4F4F4
 F8-FB F4F4F4F4F4F4F4F4 F4F4F4F4F4F4F4F4 F4F4F4F4F4F4F4F4 F4F4F4F4F4F4F4F4
 FC-FF F4F4F4F4F4F4F4F4 F4F4F4F4F4F4F4F4 F4F4F4F4F4F4F4F4 F4F4F4F4F4F4F4F4
 CDE  PGM=P22GH1.390 ENT=800FFC78 LOC=800FFC78 LEN=00000388 USE=01
 TIOT NO DCB ENTRIES FOUND
 000FFE44 *E2E3D9C9 D5C77EF6 F6F6F6F6 C3968485* *STRING=66666Code*
 000FFE54 *408681A2 A385A2A3 408995A2 A399A483* * fastest instruc*
 000FFE64 *A3899695 40A28598 A4859583 8540A396* *tion sequence to*
 000FFE74 *408396A4 95A34082 89A3A240 89954081* * count bits in a*
 000FFE84 *95408199 8289A399 8199A840 A2A39989* *n arbitrary stri*
 000FFE94 *95874096 864082A8 A385A240 A4A28995* *ng of bytes usin*
 000FFEA4 *874083A4 99998595 A393A840 81A58189* *g currently avai*
 000FFEB4 *93818293 8540A961 C1998388 89A38583* *lable z/Architec*
 000FFEC4 *A3A49985 408995A2 A399A483 A3899695* *ture instruction*
 000FFED4 *A2409799 89969940 A3964095 85A64089* *s prior to new i*
 000FFEE4 *95A2A399 A483A389 96954083 96948995* *nstruction comin*
 000FFEF4 *8740A689 A38840A9 F1F9F640 A6888983* *g with z196 whic*
 000FFF04 *884089A2 4085A2A3 899481A3 858440A3* *h is estimated t*
 000FFF14 *96408285 40F540A3 899485A2 408681A2* *o be 5 times fas*
 000FFF24 *A385994B 00000000 00000000 000000D8* *ter............Q*
COUNT TOTAL BITS IN STRING AND DISPLAY RESULT
SNAP DUMP ID=2 TEXT=Output Area
 R0-R3 F4F4F4F4FC000002 F4F4F4F4000FFFBC F4F4F4F400000008 F4F4F4F4000FFF27
 R4-R7 F4F4F4F4F4F4F4F4 0000000000000018 0000000001040609 000000000000028F
 R8-RB 5555555555555555 3333333333333333 0F0F0F0F0F0F0F0F 00000000000000FF
 RC-RF F4F4F4F4F4F4F4F4 F4F4F4F4800FFC80 F4F4F4F4000FFF34 F4F4F4F4000FFF4C
 F0-F3 F4F4F4F4F4F4F4F4 F4F4F4F4F4F4F4F4 F4F4F4F4F4F4F4F4 F4F4F4F4F4F4F4F4
 F4-F7 F4F4F4F4F4F4F4F4 F4F4F4F4F4F4F4F4 F4F4F4F4F4F4F4F4 F4F4F4F4F4F4F4F4
 F8-FB F4F4F4F4F4F4F4F4 F4F4F4F4F4F4F4F4 F4F4F4F4F4F4F4F4 F4F4F4F4F4F4F4F4
 FC-FF F4F4F4F4F4F4F4F4 F4F4F4F4F4F4F4F4 F4F4F4F4F4F4F4F4 F4F4F4F4F4F4F4F4
 CDE  PGM=P22GH1.390 ENT=800FFC78 LOC=800FFC78 LEN=00000388 USE=01
 TIOT NO DCB ENTRIES FOUND
 000FFF34 *E3D6E3C1 D340C2C9 E340C3D6 E4D5E340* *TOTAL BIT COUNT *
 000FFF44 *7EF6F6F6 0000028F                  * *=666...±        *
EZ390I instructions/sec     = 7875
EZ390I total errors         = 0
08:11:45 P22GH1    EZ390 ENDED   RC= 0 SEC= 0 MEM(MB)= 19 IO=71 INS=630
