17:41:05 P22MM1    EZ390 START USING z390 V1.5.01e ON J2SE 1.6.0_20 08/01/10
EZ390I Copyright 2008 Automated Software Tools Corporation
EZ390I z390 is licensed under GNU General Public License
EZ390I program = MFACC\P22MM1.390
EZ390I options = 
ZMFACC Solution for problem PBITS by Melvyn Maltz using RUNSYS=390
SNAP DUMP ID=1 TEXT=Input Area
 R0-R3 F4F4F4F4FC000001 F4F4F4F4000FFF80 F4F4F4F4F4F4F4F4 F4F4F4F4F4F4F4F4
 R4-R7 F4F4F4F4F4F4F4F4 F4F4F4F4F4F4F4F4 F4F4F4F4F4F4F4F4 F4F4F4F4F4F4F4F4
 R8-RB F4F4F4F4F4F4F4F4 F4F4F4F4F4F4F4F4 F4F4F4F4F4F4F4F4 F4F4F4F4F4F4F4F4
 RC-RF F4F4F4F4F4F4F4F4 F4F4F4F4800FFB98 F4F4F4F4000FFCC0 F4F4F4F4000FFD98
 F0-F3 F4F4F4F4F4F4F4F4 F4F4F4F4F4F4F4F4 F4F4F4F4F4F4F4F4 F4F4F4F4F4F4F4F4
 F4-F7 F4F4F4F4F4F4F4F4 F4F4F4F4F4F4F4F4 F4F4F4F4F4F4F4F4 F4F4F4F4F4F4F4F4
 F8-FB F4F4F4F4F4F4F4F4 F4F4F4F4F4F4F4F4 F4F4F4F4F4F4F4F4 F4F4F4F4F4F4F4F4
 FC-FF F4F4F4F4F4F4F4F4 F4F4F4F4F4F4F4F4 F4F4F4F4F4F4F4F4 F4F4F4F4F4F4F4F4
 CDE  PGM=P22MM1.390 ENT=800FFB90 LOC=800FFB90 LEN=00000470 USE=01
 TIOT NO DCB ENTRIES FOUND
 000FFCC0 *C3968485 408681A2 A385A2A3 408995A2* *Code fastest ins*
 000FFCD0 *A399A483 A3899695 40A28598 A4859583* *truction sequenc*
 000FFCE0 *8540A396 408396A4 95A34082 89A3A240* *e to count bits *
 000FFCF0 *89954081 95408199 8289A399 8199A840* *in an arbitrary *
 000FFD00 *A2A39989 95874096 864082A8 A385A240* *string of bytes *
 000FFD10 *A4A28995 874083A4 99998595 A393A840* *using currently *
 000FFD20 *81A58189 93818293 8540A961 C1998388* *available z/Arch*
 000FFD30 *89A38583 A3A49985 408995A2 A399A483* *itecture instruc*
 000FFD40 *A3899695 A2409799 89969940 A3964095* *tions prior to n*
 000FFD50 *85A64089 95A2A399 A483A389 96954083* *ew instruction c*
 000FFD60 *96948995 8740A689 A38840A9 F1F9F640* *oming with z196 *
 000FFD70 *A6888983 884089A2 4085A2A3 899481A3* *which is estimat*
 000FFD80 *858440A3 96408285 40F540A3 899485A2* *ed to be 5 times*
 000FFD90 *408681A2 A385994B                  * * faster.        *
SNAP DUMP ID=2 TEXT=Output Area
 R0-R3 F4F4F4F4FC000002 F4F4F4F4000FFFC4 F4F4F4F4F4F4F4F4 F4F4F4F4F4F4F4F4
 R4-R7 F4F4F4F4F4F4F4F4 F4F4F4F4000FFF78 F4F4F4F400000000 F4F4F4F400000000
 R8-RB F4F4F4F4000FFD98 F4F4F4F4F4F4F4F4 F4F4F4F4F4F4F4F4 F4F4F4F4F4F4F4F4
 RC-RF F4F4F4F4F4F4F4F4 F4F4F4F4800FFB98 F4F4F4F4000FFD98 F4F4F4F4000FFD9C
 F0-F3 F4F4F4F4F4F4F4F4 F4F4F4F4F4F4F4F4 F4F4F4F4F4F4F4F4 F4F4F4F4F4F4F4F4
 F4-F7 F4F4F4F4F4F4F4F4 F4F4F4F4F4F4F4F4 F4F4F4F4F4F4F4F4 F4F4F4F4F4F4F4F4
 F8-FB F4F4F4F4F4F4F4F4 F4F4F4F4F4F4F4F4 F4F4F4F4F4F4F4F4 F4F4F4F4F4F4F4F4
 FC-FF F4F4F4F4F4F4F4F4 F4F4F4F4F4F4F4F4 F4F4F4F4F4F4F4F4 F4F4F4F4F4F4F4F4
 CDE  PGM=P22MM1.390 ENT=800FFB90 LOC=800FFB90 LEN=00000470 USE=01
 TIOT NO DCB ENTRIES FOUND
 000FFD98 *0000028F                           * *...±            *
EZ390I instructions/sec     = 21357
EZ390I total errors         = 0
17:41:05 P22MM1    EZ390 ENDED   RC= 0 SEC= 0 MEM(MB)= 19 IO=66 INS=897
