04:40:27 p21dw1    EZ390 STARTED USING z390 V1.4.02e ON J2SE 1.6.0_07
EZ390I Copyright 2008 Automated Software Tools Corporation
EZ390I z390 is licensed under GNU General Public License
EZ390I program = mfacc\p21dw1.390
EZ390I options = 
ZMFACC Solution for problem P21DW1 by DAVID WILKINSON using RUNSYS=390
SNAP DUMP ID=1 TEXT=Input Area
 000FFF00 *00000000 0000001C 00000063 00000001* *................*
 000FFF10 *00000003 00000007 00000009 0000000D* *................*
 000FFF20 *00000012 00000013 00000014 00000019* *................*
 000FFF30 *0000001B 0000001E 0000001F 00000020* *................*
 000FFF40 *00000028 00000029 0000002D 0000002F* *................*
 000FFF50 *00000032 00000041 00000050         * *...........&    *
KEY 000 NOT FOUND.
KEY 028 NOT FOUND.
KEY 099 NOT FOUND.
KEY 001 FOUND.
KEY 003 FOUND.
KEY 007 FOUND.
KEY 009 FOUND.
KEY 013 FOUND.
KEY 018 FOUND.
KEY 019 FOUND.
KEY 020 FOUND.
KEY 025 FOUND.
KEY 027 FOUND.
KEY 030 FOUND.
KEY 031 FOUND.
KEY 032 FOUND.
KEY 040 FOUND.
KEY 041 FOUND.
KEY 045 FOUND.
KEY 047 FOUND.
KEY 050 FOUND.
KEY 065 FOUND.
KEY 080 FOUND.
SNAP DUMP ID=2 TEXT=Output Area
 000FFF00 *00000000 0000001C 00000063 00000001* *................*
 000FFF10 *00000003 00000007 00000009 0000000D* *................*
 000FFF20 *00000012 00000013 00000014 00000019* *................*
 000FFF30 *0000001B 0000001E 0000001F 00000020* *................*
 000FFF40 *00000028 00000029 0000002D 0000002F* *................*
 000FFF50 *00000032 00000041 00000050         * *...........&    *
EZ390I instructions/sec     = 53193
EZ390I total errors         = 0
04:40:27 p21dw1    EZ390 ENDED   RC= 0 SEC= 0 MEM(MB)= 17 IO=72 INS=1649
