EZ390I V1.3.09 Current Date 12/15/07 Time 07:27:01
EZ390I Copyright 2006 Automated Software Tools Corporation
EZ390I z390 is licensed under GNU General Public License
EZ390I program = P4AN1
EZ390I options = 
ZMFACC SOLUTION FOR PROBLEM P4AN1 BY Alfred Nykolyn
SNAP DUMP ID=1 TEXT=INPUT AREA
 000FFE00 *000000A0 0000009C 00000098 00000094* *...........q...m*
 000FFE10 *00000090 0000008C 00000088 00000084* *...........h...d*
 000FFE20 *00000080 0000007C 00000078 00000074* *.......@........*
 000FFE30 *00000070 0000006C 00000068 00000064* *.......%........*
 000FFE40 *00000060 0000005C 00000058 00000054* *...-...*........*
SNAP DUMP ID=2 TEXT=OUTPUT AREA
 000FFE50 *00000004 00000008 0000000C 00000010* *................*
 000FFE60 *00000014 00000018 0000001C 00000020* *................*
 000FFE70 *00000024 00000028 0000002C 00000030* *................*
 000FFE80 *00000034 00000038 0000003C 00000040* *............... *
 000FFE90 *00000044 00000048 0000004C 00000050* *...........<...&*
EZ390I Stats total instructions    = 1532
EZ390I stats TCPIO operations      = 0
EZ390I stats DCB operations        = 0
EZ390I stats VSAM operations       = 0
EZ390I Stats current date 12/15/07 time 07:27:01
EZ390I Stats total seconds         = 0
EZ390I Stats instructions/sec      = 80631
EZ390I total errors         = 0
EZ390I return code(P4AN1   )= 0
