19:59:13 P4APN2    EZ390 STARTED USING z390 V1.3.08h ON J2SE 1.6.0_03
EZ390I Copyright 2006 Automated Software Tools Corporation
EZ390I z390 is licensed under GNU General Public License
EZ390I program = contest\p4\P4APN2.390
EZ390I options = 
ZMFACC Solution for problem P4APN2 by Alfred Nykolyn - Try 2 using RUNSYS=390
SNAP DUMP ID=1 TEXT=Input Area
 000FF614 *00000050 0000004C 00000048 00000044* *...&...<........*
 000FF624 *00000040 0000003C 00000038 00000034* *... ............*
 000FF634 *00000030 0000002C 00000028 00000024* *................*
 000FF644 *00000020 0000001C 00000018 00000014* *................*
 000FF654 *00000010 0000000C 00000008 00000004* *................*
SNAP DUMP ID=2 TEXT=Output Area
 000FF668 *00000004 00000008 0000000C 00000010* *................*
 000FF678 *00000014 00000018 0000001C 00000020* *................*
 000FF688 *00000024 00000028 0000002C 00000030* *................*
 000FF698 *00000034 00000038 0000003C 00000040* *............... *
 000FF6A8 *00000044 00000048 0000004C 00000050* *...........<...&*
EZ390I instructions/sec     = 53312
EZ390I total errors         = 0
19:59:13 P4APN2    EZ390 ENDED   RC= 0 SEC= 0 MEM(MB)= 10 IO=50 INS=853
