EZ390I V1.3.09 Current Date 12/13/07 Time 16:26:51
EZ390I Copyright 2006 Automated Software Tools Corporation
EZ390I z390 is licensed under GNU General Public License
EZ390I program = P4DSH1
EZ390I options = 
ZMFACC SOLUTION FOR PROBLEM P4DSH1 BY Don Higgins
SNAP DUMP ID=1 TEXT=INPUT AREA
 000FFE44 *00000050 0000004C 00000048 00000044* *...&...<........*
 000FFE54 *00000040 0000003C 00000038 00000034* *... ............*
 000FFE64 *00000030 0000002C 00000028 00000024* *................*
 000FFE74 *00000020 0000001C 00000018 00000014* *................*
 000FFE84 *00000010 0000000C 00000008 00000004* *................*
SNAP DUMP ID=2 TEXT=OUTPUT AREA
 000FFE44 *00000004 00000008 0000000C 00000010* *................*
 000FFE54 *00000014 00000018 0000001C 00000020* *................*
 000FFE64 *00000024 00000028 0000002C 00000030* *................*
 000FFE74 *00000034 00000038 0000003C 00000040* *............... *
 000FFE84 *00000044 00000048 0000004C 00000050* *...........<...&*
EZ390I Stats total instructions    = 2610
EZ390I stats TCPIO operations      = 0
EZ390I stats DCB operations        = 0
EZ390I stats VSAM operations       = 0
EZ390I Stats current date 12/13/07 time 16:26:51
EZ390I Stats total seconds         = 0
EZ390I Stats instructions/sec      = 118636
EZ390I total errors         = 0
EZ390I return code(P4DSH1  )= 0
