08:43:32 p4dw1     EZ390 STARTED USING z390 V1.4.02dx2 ON J2SE 1.6.0_07
EZ390I Copyright 2008 Automated Software Tools Corporation
EZ390I z390 is licensed under GNU General Public License
EZ390I program = mfacc\p4dw1.390
EZ390I options = 
ZMFACC Solution for problem P4DW1 by David Wilkinson using RUNSYS=390
SNAP DUMP ID=1 TEXT=Input Area
 000FDC24 *00000050 0000004C 00000048 00000044* *...&...<........*
 000FDC34 *00000040 0000003C 00000038 00000034* *... ............*
 000FDC44 *00000030 0000002C 00000028 00000024* *................*
 000FDC54 *00000020 0000001C 00000018 00000014* *................*
 000FDC64 *00000010 0000000C 00000008 00000004* *................*
SNAP DUMP ID=2 TEXT=Output Area
 000FDC24 *00000004 00000008 0000000C 00000010* *................*
 000FDC34 *00000014 00000018 0000001C 00000020* *................*
 000FDC44 *00000024 00000028 0000002C 00000030* *................*
 000FDC54 *00000034 00000038 0000003C 00000040* *............... *
 000FDC64 *00000044 00000048 0000004C 00000050* *...........<...&*
EZ390I instructions/sec     = 66062
EZ390I total errors         = 0
08:43:32 p4dw1     EZ390 ENDED   RC= 0 SEC= 0 MEM(MB)= 16 IO=51 INS=1057
