EZ390I V1.3.08g Current Date 12/23/07 Time 07:23:46
EZ390I Copyright 2006 Automated Software Tools Corporation
EZ390I z390 is licensed under GNU General Public License
EZ390I program = P4RAFA2
EZ390I options = 
ZMFACC Solution for problem P4RAFA2 by RAFA using RUNSYS=390
SNAP DUMP ID=1 TEXT=Input Area
 000FFF24 *00000050 0000004C 00000048 00000044* *...&...<........*
 000FFF34 *00000040 0000003C 00000038 00000034* *... ............*
 000FFF44 *00000030 0000002C 00000028 00000024* *................*
 000FFF54 *00000020 0000001C 00000018 00000014* *................*
 000FFF64 *00000010 0000000C 00000008 00000004* *................*
SNAP DUMP ID=2 TEXT=Output Area
 000FFF24 *00000004 00000008 0000000C 00000010* *................*
 000FFF34 *00000014 00000018 0000001C 00000020* *................*
 000FFF44 *00000024 00000028 0000002C 00000030* *................*
 000FFF54 *00000034 00000038 0000003C 00000040* *............... *
 000FFF64 *00000044 00000048 0000004C 00000050* *...........<...&*
EZ390I Stats total instructions    = 1380
EZ390I stats TCPIO operations      = 0
EZ390I stats DCB operations        = 0
EZ390I stats VSAM operations       = 0
EZ390I Stats current date 12/23/07 time 07:23:46
EZ390I Stats total seconds         = 0
EZ390I Stats instructions/sec      = 76666
EZ390I total errors         = 0
EZ390I return code(P4RAFA2 )= 0
