EZ390I Copyright 2006 Automated Software Tools Corporation
EZ390I z390 is licensed under GNU General Public License
EZ390I program = P4RJ1
EZ390I options = 
EZ390I V1.3.09 started date 12/27/07 time 10:12:04
ZMFACC Solution for problem P4RJ1 by MATS B/ROLAND J SEB using RUNSYS=390
SNAP DUMP ID=1 TEXT=Input Area
 000FFCD8 *00000050 0000004C 00000048 00000044* *...&...<........*
 000FFCE8 *00000040 0000003C 00000038 00000034* *... ............*
 000FFCF8 *00000030 0000002C 00000028 00000024* *................*
 000FFD08 *00000020 0000001C 00000018 00000014* *................*
 000FFD18 *00000010 0000000C 00000008 00000004* *................*
SNAP DUMP ID=2 TEXT=Output Area
 000FFD28 *00000004 00000008 0000000C 00000010* *................*
 000FFD38 *00000014 00000018 0000001C 00000020* *................*
 000FFD48 *00000024 00000028 0000002C 00000030* *................*
 000FFD58 *00000034 00000038 0000003C 00000040* *............... *
 000FFD68 *00000044 00000048 0000004C 00000050* *...........<...&*
EZ390I V1.3.09 ended   date 12/27/07 time 10:12:04
EZ390I total instructions   = 685
EZ390I total seconds        = 0
EZ390I instructions/sec     = 42812
EZ390I total errors         = 0
EZ390I return code(P4RJ1   )= 0
