08:31:23 COMPSUM   ZC390 START USING z390 V1.5.06 ON J2SE 1.6.0_31 05/22/12
08:31:23 COMPSUM   ZC390 ENDED   RC= 0 SEC= 0 MEM(MB)=  7 IO=2
08:31:23 COMPSUM   MZ390 START USING z390 V1.5.06 ON J2SE 1.6.0_31 05/22/12
08:31:25 COMPSUM   AZ390 MNOTE 'ZC_CALC PARMS=PSUM,=,EH1,+,DH1,+,LH1,+,EB1,+,DB1,+,LB1,+,ED1,+,DD1,+,LD1,+,H1,+,F1,+,G1,+,Q1,+,P1,+,Z1'
08:31:25 COMPSUM   AZ390 MNOTE 'ZC_CALC   MOVE TMP-1,9,16,0 EH1,1,4,0'
08:31:25 COMPSUM   AZ390 MNOTE 'ZC_CALC   ADD TMP-1,9,16,0 DH1,2,8,0'
08:31:25 COMPSUM   AZ390 MNOTE 'ZC_CALC   MOVE TMP-2,9,16,0 TMP-1,9,16,0'
08:31:25 COMPSUM   AZ390 MNOTE 'ZC_CALC   ADD TMP-2,9,16,0 LH1,3,16,0'
08:31:25 COMPSUM   AZ390 MNOTE 'ZC_CALC   MOVE TMP-1,9,16,0 TMP-2,9,16,0'
08:31:25 COMPSUM   AZ390 MNOTE 'ZC_CALC   ADD TMP-1,9,16,0 EB1,4,4,0'
08:31:25 COMPSUM   AZ390 MNOTE 'ZC_CALC   MOVE TMP-2,9,16,0 TMP-1,9,16,0'
08:31:25 COMPSUM   AZ390 MNOTE 'ZC_CALC   ADD TMP-2,9,16,0 DB1,5,8,0'
08:31:25 COMPSUM   AZ390 MNOTE 'ZC_CALC   MOVE TMP-1,9,16,0 TMP-2,9,16,0'
08:31:25 COMPSUM   AZ390 MNOTE 'ZC_CALC   ADD TMP-1,9,16,0 LB1,6,16,0'
08:31:25 COMPSUM   AZ390 MNOTE 'ZC_CALC   MOVE TMP-2,9,16,0 TMP-1,9,16,0'
08:31:25 COMPSUM   AZ390 MNOTE 'ZC_CALC   ADD TMP-2,9,16,0 ED1,7,4,0'
08:31:25 COMPSUM   AZ390 MNOTE 'ZC_CALC   MOVE TMP-1,9,16,0 TMP-2,9,16,0'
08:31:25 COMPSUM   AZ390 MNOTE 'ZC_CALC   ADD TMP-1,9,16,0 DD1,8,8,0'
08:31:25 COMPSUM   AZ390 MNOTE 'ZC_CALC   MOVE TMP-2,9,16,0 TMP-1,9,16,0'
08:31:25 COMPSUM   AZ390 MNOTE 'ZC_CALC   ADD TMP-2,9,16,0 LD1,9,16,0'
08:31:25 COMPSUM   AZ390 MNOTE 'ZC_CALC   MOVE TMP-1,9,16,0 TMP-2,9,16,0'
08:31:25 COMPSUM   AZ390 MNOTE 'ZC_CALC   ADD TMP-1,9,16,0 H1,H,2,1'
08:31:25 COMPSUM   AZ390 MNOTE 'ZC_CALC   MOVE TMP-2,9,16,0 TMP-1,9,16,0'
08:31:25 COMPSUM   AZ390 MNOTE 'ZC_CALC   ADD TMP-2,9,16,0 F1,F,4,2'
08:31:25 COMPSUM   AZ390 MNOTE 'ZC_CALC   MOVE TMP-1,9,16,0 TMP-2,9,16,0'
08:31:25 COMPSUM   AZ390 MNOTE 'ZC_CALC   ADD TMP-1,9,16,0 G1,G,8,3'
08:31:25 COMPSUM   AZ390 MNOTE 'ZC_CALC   MOVE TMP-2,9,16,0 TMP-1,9,16,0'
08:31:25 COMPSUM   AZ390 MNOTE 'ZC_CALC   ADD TMP-2,9,16,0 Q1,Q,16,4'
08:31:25 COMPSUM   AZ390 MNOTE 'ZC_CALC   MOVE TMP-1,9,16,0 TMP-2,9,16,0'
08:31:25 COMPSUM   AZ390 MNOTE 'ZC_CALC   ADD TMP-1,9,16,0 P1,P,16,5'
08:31:25 COMPSUM   AZ390 MNOTE 'ZC_CALC   MOVE PSUM,P,3,1 TMP-1,9,16,0'
08:31:25 COMPSUM   AZ390 MNOTE 'ZC_CALC   ADD PSUM,P,3,1 Z1,Z,31,6'
08:31:26 COMPSUM   MZ390 ENDED   RC= 0 SEC= 2 MEM(MB)=107 IO=35913
