08:40:15 p17dw1    EZ390 STARTED USING z390 V1.4.02d ON J2SE 1.6.0_07
EZ390I Copyright 2008 Automated Software Tools Corporation
EZ390I z390 is licensed under GNU General Public License
EZ390I program = mfacc\p17dw1.390
EZ390I options = 
ZMFACC Solution for problem P17DW1 by DAVID WILKINSON using RUNSYS=390
SNAP DUMP ID=1 TEXT=Input Area
 000FFC54 *D3C1C2C5 D3404040 4040D6D7 C3D6C4C5* *LABEL     OPCODE*
 000FFC64 *40D7C1D9 D4E24040 40404040 40404040* * PARMS          *
 000FFC74 *40404040 40404040 40404040 40404040* *                *
 ........
 000FFCA4 *40404040 40404040 4040C1D7 40404040* *          AP    *
 000FFCB4 *C6C5D3C4 F16BC6C5 D3C4F240 40404040* *FELD1,FELD2     *
 000FFCC4 *40404040 40404040 40404040 40404040* *                *
 ........
 000FFCF4 *C1D5C6F0 F1F04040 4040C3D3 C3404040* *ANF010    CLC   *
 000FFD04 *C6C5D3C4 F16BC6C5 D3C4F240 4040C3D6* *FELD1,FELD2   CO*
 000FFD14 *D4D7C1D9 C540C6F1 40E6C9E3 C840C6F2* *MPARE F1 WITH F2*
 000FFD24 *40404040 40404040 40404040 40404040* *                *
 000FFD34 *40404040 40404040 40404040 40404040*
SNAP DUMP ID=2 TEXT=Output Area
 000FFD44 *05D3C1C2 C5D38506 D6D7C3D6 C4C58105* *.LABELe.OPCODEa.*
 000FFD54 *D7C1D9D4 E2BA0040 40404040 40404040* *PARMS[.         *
 000FFD64 *40404040 40404040 40404040 40404040* *                *
 ........
 000FFD94 *8A02C1D7 840BC6C5 D3C4F16B C6C5D3C4* *..APd.FELD1,FELD*
 000FFDA4 *F2B50040 40404040 40404040 40404040* *2..             *
 000FFDB4 *40404040 40404040 40404040 40404040* *                *
 ........
 000FFDE4 *06C1D5C6 F0F1F084 03C3D3C3 830BC6C5* *.ANF010d.CLCc.FE*
 000FFDF4 *D3C4F16B C6C5D3C4 F28307C3 D6D4D7C1* *LD1,FELD2c.COMPA*
 000FFE04 *D9C58102 C6F18104 E6C9E3C8 8102C6F2* *REa.F1a.WITHa.F2*
 000FFE14 *A0004040 40404040 40404040 40404040* *..              *
 000FFE24 *40404040 40404040 40404040 40404040* *                *
 000FFE34 *D3C1C2C5 D3404040 4040D6D7 C3D6C4C5* *LABEL     OPCODE*
 000FFE44 *40D7C1D9 D4E24040 40404040 40404040* * PARMS          *
 000FFE54 *40404040 40404040 40404040 40404040* *                *
 ........
 000FFE84 *40404040 40404040 4040C1D7 40404040* *          AP    *
 000FFE94 *C6C5D3C4 F16BC6C5 D3C4F240 40404040* *FELD1,FELD2     *
 000FFEA4 *40404040 40404040 40404040 40404040* *                *
 ........
 000FFED4 *C1D5C6F0 F1F04040 4040C3D3 C3404040* *ANF010    CLC   *
 000FFEE4 *C6C5D3C4 F16BC6C5 D3C4F240 4040C3D6* *FELD1,FELD2   CO*
 000FFEF4 *D4D7C1D9 C540C6F1 40E6C9E3 C840C6F2* *MPARE F1 WITH F2*
 000FFF04 *40404040 40404040 40404040 40404040* *                *
 000FFF14 *40404040 40404040 40404040 40404040*
EZ390I instructions/sec     = 24153
EZ390I total errors         = 0
08:40:15 p17dw1    EZ390 ENDED   RC= 0 SEC= 0 MEM(MB)= 17 IO=70 INS=628
