04:56:07 P17WR1    EZ390 STARTED USING z390 V1.4.01 ON J2SE 1.6.0_04
EZ390I Copyright 2008 Automated Software Tools Corporation
EZ390I z390 is licensed under GNU General Public License
EZ390I program = mfacc\P17WR1.390
EZ390I options = 
ZMFACC Solution for problem P17WR1 by WERNER RAMS using RUNSYS=390
SNAP DUMP ID=1 TEXT=Input Area
 000FF280 *D3C1C2C5 D3404040 4040D6D7 C3D6C4C5* *LABEL     OPCODE*
 000FF290 *40D7C1D9 D4E24040 40404040 40404040* * PARMS          *
 000FF2A0 *40404040 40404040 40404040 40404040* *                *
 ........
 000FF2D0 *40404040 40404040 4040C1D7 40404040* *          AP    *
 000FF2E0 *C6C5D3C4 F16BC6C5 D3C4F240 40404040* *FELD1,FELD2     *
 000FF2F0 *40404040 40404040 40404040 40404040* *                *
 ........
 000FF320 *C1D5C6F0 F1F04040 4040C3D3 C3404040* *ANF010    CLC   *
 000FF330 *C6C5D3C4 F16BC6C5 D3C4F240 4040C3D6* *FELD1,FELD2   CO*
 000FF340 *D4D7C1D9 C540C6F1 40E6C9E3 C840C6F2* *MPARE F1 WITH F2*
 000FF350 *40404040 40404040 40404040 40404040* *                *
 000FF360 *40404040 40404040 40404040 40404040*
SNAP DUMP ID=2 TEXT=Output Area
 000FF370 *D3C1C2C5 D3404040 4040D6D7 C3D6C4C5* *LABEL     OPCODE*
 000FF380 *40D7C1D9 D4E24040 40404040 40404040* * PARMS          *
 000FF390 *40404040 40404040 40404040 40404040* *                *
 ........
 000FF3C0 *40404040 40404040 4040C1D7 40404040* *          AP    *
 000FF3D0 *C6C5D3C4 F16BC6C5 D3C4F240 40404040* *FELD1,FELD2     *
 000FF3E0 *40404040 40404040 40404040 40404040* *                *
 ........
 000FF410 *C1D5C6F0 F1F04040 4040C3D3 C3404040* *ANF010    CLC   *
 000FF420 *C6C5D3C4 F16BC6C5 D3C4F240 4040C3D6* *FELD1,FELD2   CO*
 000FF430 *D4D7C1D9 C540C6F1 40E6C9E3 C840C6F2* *MPARE F1 WITH F2*
 000FF440 *40404040 40404040 40404040 40404040* *                *
 ........
 000FF460 *001705D3 C1C2C5D3 8506D6D7 C3D6C4C5* *...LABELe.OPCODE*
 000FF470 *8105D7C1 D9D4E2BA 00FFFFFF FFFFFFFF* *a.PARMS[........*
 000FF480 *FFFFFFFF FFFFFFFF FFFFFFFF FFFFFFFF* *................*
 ........
 000FF4B0 *00138A02 C1D7840B C6C5D3C4 F16BC6C5* *....APd.FELD1,FE*
 000FF4C0 *D3C4F2B5 00FFFFFF FFFFFFFF FFFFFFFF* *LD2.............*
 000FF4D0 *FFFFFFFF FFFFFFFF FFFFFFFF FFFFFFFF* *................*
 ........
 000FF500 *003206C1 D5C6F0F1 F08403C3 D3C3830B* *...ANF010d.CLCc.*
 000FF510 *C6C5D3C4 F16BC6C5 D3C4F283 07C3D6D4* *FELD1,FELD2c.COM*
 000FF520 *D7C1D9C5 8102C6F1 8104E6C9 E3C88102* *PAREa.F1a.WITHa.*
 000FF530 *C6F2A000 FFFFFFFF FFFFFFFF FFFFFFFF* *F2..............*
 000FF540 *FFFFFFFF FFFFFFFF FFFFFFFF FFFFFFFF* *................*
EZ390I instructions/sec     = 30629
EZ390I total errors         = 0

