EZ390I Copyright 2006 Automated Software Tools Corporation
EZ390I z390 is licensed under GNU General Public License
EZ390I program = P8LM1
EZ390I options = 
EZ390I V1.3.09 started date 12/27/07 time 08:48:14
ZMFACC Solution for problem P8LM1 by Lindy Mayfield using RUNSYS=390
SNAP DUMP ID=1 TEXT=Input Area
 000FFE24 *40404040 40404040 40404040 40404040* *                *
 ........
 000FFE44 *40404040 40404040 40404040 40      * *                *
SNAP DUMP ID=80 TEXT=NEXT TRIAL VALUE
 000FFE24 *F34BF1F2 F5404040 40404040 40404040* *3.125           *
 000FFE34 *40404040 40404040 40404040 40404040* *                *
 000FFE44 *40404040 40404040 40404040 40      * *                *
SNAP DUMP ID=80 TEXT=PI DIFF
 000FFE78 *F04BF0F1 F6F5F9F2 F6F5F3F5 F8F9F7F9* *0.01659265358979*
 000FFE88 *F3F2F3F8 F4F6F2F6 F4F3F3F8 F3F2F7F9* *3238462643383279*
 000FFE98 *F5F0F340 40404040 40404040 40      * *503             *
SNAP DUMP ID=79 TEXT=NEXT TRIAL VALUE
 000FFE24 *F34BF1F3 F9F0F6F2 F5F0F0F0 F0F0F0F0* *3.13906250000000*
 000FFE34 *F0F0F0F0 F0F0F0F0 F0F0F0F0 F0F0F0F0* *0000000000000000*
 000FFE44 *F0F0F140 40404040 40404040 40      * *001             *
SNAP DUMP ID=79 TEXT=PI DIFF
 000FFE78 *F04BF0F0 F2F5F3F0 F1F5F3F5 F8F9F7F9* *0.00253015358979*
 000FFE88 *F3F2F3F8 F4F6F2F6 F4F3F3F8 F3F2F7F9* *3238462643383279*
 000FFE98 *F5F0F340 40404040 40404040 40      * *503             *
SNAP DUMP ID=78 TEXT=NEXT TRIAL VALUE
 000FFE24 *F34BF1F4 F1F1F5F5 F1F3F3F9 F2F8F5F7* *3.14115513392857*
 000FFE34 *F1F4F2F8 F5F7F1F4 F2F8F5F7 F1F4F2F8* *1428571428571428*
 000FFE44 *F5F7F140 40404040 40404040 40      * *571             *
SNAP DUMP ID=78 TEXT=PI DIFF
 000FFE78 *F04BF0F0 F0F4F3F7 F5F1F9F6 F6F1F2F2* *0.00043751966122*
 000FFE88 *F1F8F0F9 F8F9F1F2 F1F4F8F1 F1F8F5F0* *1809891214811850*
 000FFE98 *F9F3F240 40404040 40404040 40      * *932             *
SNAP DUMP ID=77 TEXT=NEXT TRIAL VALUE
 000FFE24 *F34BF1F4 F1F5F1F1 F1F7F2F3 F4F0F0F2* *3.14151117234002*
 000FFE34 *F9F7F6F1 F9F0F4F7 F6F1F9F0 F4F7F6F1* *9761904761904761*
 000FFE44 *F9F0F640 40404040 40404040 40      * *906             *
SNAP DUMP ID=77 TEXT=PI DIFF
 000FFE78 *F04BF0F0 F0F0F8F1 F4F8F1F2 F4F9F7F6* *0.00008148124976*
 000FFE88 *F3F4F7F6 F5F5F7F8 F8F1F4F7 F8F5F1F7* *3476557881478517*
 000FFE98 *F5F9F940 40404040 40404040 40      * *599             *
SNAP DUMP ID=76 TEXT=NEXT TRIAL VALUE
 000FFE24 *F34BF1F4 F1F5F7F6 F7F1F5F7 F7F4F8F6* *3.14157671577486*
 000FFE34 *F6F4F0F9 F6F3F2F0 F3F4F6F3 F2F0F3F4* *6409632034632034*
 000FFE44 *F6F3F340 40404040 40404040 40      * *633             *
SNAP DUMP ID=76 TEXT=PI DIFF
 000FFE78 *F04BF0F0 F0F0F1F5 F9F3F7F8 F1F4F9F2* *0.00001593781492*
 000FFE88 *F6F8F2F8 F8F3F0F6 F0F8F7F5 F1F2F4F4* *6828830608751244*
 000FFE98 *F8F7F240 40404040 40404040 40      * *872             *
SNAP DUMP ID=75 TEXT=NEXT TRIAL VALUE
 000FFE24 *F34BF1F4 F1F5F8F9 F4F2F5F3 F1F9F1F2* *3.14158942531912*
 000FFE34 *F1F5F9F2 F9F2F5F3 F0F3F8F6 F2F8F0F3* *1592925303862803*
 000FFE44 *F8F6F340 40404040 40404040 40      * *863             *
SNAP DUMP ID=75 TEXT=PI DIFF
 000FFE78 *F04BF0F0 F0F0F0F3 F2F2F8F2 F7F0F6F7* *0.00000322827067*
 000FFE88 *F1F6F4F5 F5F3F7F3 F3F9F5F2 F0F4F7F5* *1645537339520475*
 000FFE98 *F6F4F140 40404040 40404040 40      * *641             *
SNAP DUMP ID=74 TEXT=NEXT TRIAL VALUE
 000FFE24 *F34BF1F4 F1F5F9F1 F9F8F2F3 F5F8F3F8* *3.14159198235838*
 000FFE34 *F2F4F5F7 F1F8F3F1 F1F6F3F6 F2F8F0F3* *2457183116362803*
 000FFE44 *F8F6F240 40404040 40404040 40      * *862             *
SNAP DUMP ID=74 TEXT=PI DIFF
 000FFE78 *F64BF7F1 F2F3F1F4 F1F0F7F8 F1F2F7F9* *6.71231410781279*
 000FFE88 *F5F2F7F0 F2F0F4F7 F5F6F4F1 C560F740* *527020475641E-7 *
 000FFE98 *40404040 40404040 40404040 40      * *                *
SNAP DUMP ID=73 TEXT=NEXT TRIAL VALUE
 000FFE24 *F34BF1F4 F1F5F9F2 F5F1F1F1 F5F7F8F6* *3.14159251115786*
 000FFE34 *F1F9F5F5 F7F6F5F8 F4F4F1F3 F1F6F4F5* *1955765844131645*
 000FFE44 *F7F7F440 40404040 40404040 40      * *774             *
SNAP DUMP ID=73 TEXT=PI DIFF
 000FFE78 *F14BF4F2 F4F3F1F9 F3F1F2F8 F2F6F9F6* *1.42431931282696*
 000FFE88 *F7F9F9F2 F5F1F6F3 F3F7F2F9 C560F740* *799251633729E-7 *
 000FFE98 *40404040 40404040 40404040 40      * *                *
SNAP DUMP ID=72 TEXT=NEXT TRIAL VALUE
 000FFE24 *F34BF1F4 F1F5F9F2 F6F2F2F8 F7F0F6F1* *3.14159262287061*
 000FFE34 *F7F4F9F3 F1F1F2F6 F3F3F8F4 F3F0F4F5* *7493112633843045*
 000FFE44 *F8F5F740 40404040 40404040 40      * *857             *
SNAP DUMP ID=72 TEXT=PI DIFF
 000FFE78 *F34BF0F7 F1F9F1F7 F5F7F4F5 F3F5F0F0* *3.07191757453500*
 000FFE88 *F0F9F5F4 F0F2F3F3 F6F4F7C5 60F84040* *09540233647E-8  *
 000FFE98 *40404040 40404040 40404040 40      * *                *
SNAP DUMP ID=71 TEXT=NEXT TRIAL VALUE
 000FFE24 *F34BF1F4 F1F5F9F2 F6F4F6F8 F7F5F5F6* *3.14159264687556*
 000FFE34 *F0F7F9F6 F0F7F8F2 F2F3F7F7 F5F0F7F8* *0796078223775078*
 000FFE44 *F8F5F140 40404040 40404040 40      * *851             *
SNAP DUMP ID=71 TEXT=PI DIFF
 000FFE78 *F64BF7F1 F4F2F3F2 F4F4F2F3 F8F4F4F1* *6.71423244238441*
 000FFE88 *F9F6F0F8 F2F0F0F6 F5F3C560 F9404040* *9608200653E-9   *
 000FFE98 *40404040 40404040 40404040 40      * *                *
SNAP DUMP ID=70 TEXT=NEXT TRIAL VALUE
 000FFE24 *F34BF1F4 F1F5F9F2 F6F5F2F1 F0F5F8F8* *3.14159265210588*
 000FFE34 *F6F8F8F1 F3F5F8F7 F6F9F8F0 F2F7F5F9* *6881358769802759*
 000FFE44 *F9F5F240 40404040 40404040 40      * *952             *
SNAP DUMP ID=70 TEXT=PI DIFF
 000FFE78 *F14BF4F8 F3F9F0F6 F3F5F7F1 F0F3F8F7* *1.48390635710387*
 000FFE88 *F3F5F8F0 F5F1F9F5 F5F1C560 F9404040* *3580519551E-9   *
 000FFE98 *40404040 40404040 40404040 40      * *                *
SNAP DUMP ID=69 TEXT=NEXT TRIAL VALUE
 000FFE24 *F34BF1F4 F1F5F9F2 F6F5F3F2 F5F8F7F3* *3.14159265325873*
 000FFE34 *F7F9F2F2 F6F5F6F0 F2F3F4F8 F9F6F9F4* *7922656023489694*
 000FFE44 *F6F6F340 40404040 40404040 40      * *663             *
SNAP DUMP ID=69 TEXT=PI DIFF
 000FFE78 *F34BF3F1 F0F5F5F3 F1F5F8F0 F6F6F1F9* *3.31055315806619*
 000FFE88 *F8F9F3F5 F8F4F8F4 F1C560F1 F0404040* *893584841E-10   *
 000FFE98 *40404040 40404040 40404040 40      * *                *
SNAP DUMP ID=68 TEXT=NEXT TRIAL VALUE
 000FFE24 *F34BF1F4 F1F5F9F2 F6F5F3F5 F1F5F3F3* *3.14159265351533*
 000FFE34 *F7F6F0F2 F4F3F1F9 F4F3F5F5 F8F9F0F1* *7602431943558901*
 000FFE44 *F9F9F740 40404040 40404040 40      * *997             *
SNAP DUMP ID=68 TEXT=PI DIFF
 000FFE78 *F74BF4F4 F5F5F6F3 F6F0F3F0 F6F9F9F8* *7.44556360306998*
 000FFE88 *F2F4F3F7 F7F5F0F7 C560F1F1 40404040* *24377507E-11    *
 000FFE98 *40404040 40404040 40404040 40      * *                *
SNAP DUMP ID=67 TEXT=NEXT TRIAL VALUE
 000FFE24 *F34BF1F4 F1F5F9F2 F6F5F3F5 F7F2F9F3* *3.14159265357293*
 000FFE34 *F0F3F2F6 F1F2F5F4 F9F2F1F2 F1F2F3F3* *0326125492121233*
 000FFE44 *F3F2F340 40404040 40404040 40      * *323             *
SNAP DUMP ID=67 TEXT=PI DIFF
 000FFE78 *F14BF6F8 F6F2F9F1 F2F3F3F7 F1F5F1F2* *1.68629123371512*
 000FFE88 *F6F2F0F4 F6F1F8F1 C560F1F1 40404040* *62046181E-11    *
 000FFE98 *40404040 40404040 40404040 40      * *                *
SNAP DUMP ID=66 TEXT=NEXT TRIAL VALUE
 000FFE24 *F34BF1F4 F1F5F9F2 F6F5F3F5 F8F5F9F5* *3.14159265358595*
 000FFE34 *F0F6F1F6 F6F1F6F4 F2F6F0F8 F3F8F4F6* *0616616426083846*
 000FFE44 *F4F0F240 40404040 40404040 40      * *402             *
SNAP DUMP ID=66 TEXT=PI DIFF
 000FFE78 *F34BF8F4 F2F6F2F1 F8F4F6F2 F1F7F2F9* *3.84262184621729*
 000FFE88 *F9F4F3F3 F1F0F4C5 60F1F240 40404040* *9433104E-12     *
 000FFE98 *40404040 40404040 40404040 40      * *                *
SNAP DUMP ID=65 TEXT=NEXT TRIAL VALUE
 000FFE24 *F34BF1F4 F1F5F9F2 F6F5F3F5 F8F8F9F1* *3.14159265358891*
 000FFE34 *F2F8F5F6 F0F0F1F3 F1F8F9F6 F6F9F1F2* *2856001318966912*
 000FFE44 *F4F9F240 40404040 40404040 40      * *492             *
SNAP DUMP ID=65 TEXT=PI DIFF
 000FFE78 *F84BF8F0 F3F8F2F4 F6F1F3F2 F4F4F1F6* *8.80382461324416*
 000FFE88 *F3F6F7F0 F1F3C560 F1F34040 40404040* *367013E-13      *
 000FFE98 *40404040 40404040 40404040 40      * *                *
SNAP DUMP ID=64 TEXT=NEXT TRIAL VALUE
 000FFE24 *F34BF1F4 F1F5F9F2 F6F5F3F5 F8F9F5F9* *3.14159265358959*
 000FFE34 *F0F5F6F1 F6F0F8F4 F9F2F9F8 F9F9F5F0* *0561608492989950*
 000FFE44 *F0F94040 40404040 40404040 40      * *09              *
SNAP DUMP ID=64 TEXT=PI DIFF
 000FFE78 *F24BF0F2 F6F7F6F8 F5F4F1F5 F0F3F9F3* *2.02676854150393*
 000FFE88 *F3F2F9F4 F1F4C560 F1F34040 40404040* *329414E-13      *
 000FFE98 *40404040 40404040 40404040 40      * *                *
SNAP DUMP ID=63 TEXT=NEXT TRIAL VALUE
 000FFE24 *F34BF1F4 F1F5F9F2 F6F5F3F5 F8F9F7F4* *3.14159265358974*
 000FFE34 *F6F3F7F7 F9F3F1F4 F6F3F7F4 F4F1F2F0* *6377931463744120*
 000FFE44 *F7F0F840 40404040 40404040 40      * *708             *
SNAP DUMP ID=63 TEXT=PI DIFF
 000FFE78 *F44BF6F8 F6F0F5F3 F1F1F7F9 F6F3F9F1* *4.68605311796391*
 000FFE88 *F5F8F7F9 F5C560F1 F4404040 40404040* *58795E-14       *
 000FFE98 *40404040 40404040 40404040 40      * *                *
SNAP DUMP ID=62 TEXT=NEXT TRIAL VALUE
 000FFE24 *F34BF1F4 F1F5F9F2 F6F5F3F5 F8F9F7F8* *3.14159265358978*
 000FFE34 *F2F3F6F1 F8F2F9F2 F6F1F8F1 F4F7F1F1* *2361829261814711*
 000FFE44 *F0F5F740 40404040 40404040 40      * *057             *
SNAP DUMP ID=62 TEXT=PI DIFF
 000FFE78 *F14BF0F8 F7F6F6F3 F3F3F8F1 F5F6F8F5* *1.08766333815685*
 000FFE88 *F6F8F4F4 F8C560F1 F4404040 40404040* *68448E-14       *
 000FFE98 *40404040 40404040 40404040 40      * *                *
SNAP DUMP ID=61 TEXT=NEXT TRIAL VALUE
 000FFE24 *F34BF1F4 F1F5F9F2 F6F5F3F5 F8F9F7F9* *3.14159265358979*
 000FFE34 *F0F7F0F5 F0F4F7F0 F2F8F7F1 F4F9F1F9* *0705047028714919*
 000FFE44 *F5F7F940 40404040 40404040 40      * *579             *
SNAP DUMP ID=61 TEXT=PI DIFF
 000FFE78 *F24BF5F3 F3F4F1F5 F6F1F4F6 F6F8F3F5* *2.53341561466835*
 000FFE88 *F9F9F2F4 C560F1F5 40404040 40404040* *9924E-15        *
 000FFE98 *40404040 40404040 40404040 40      * *                *
SNAP DUMP ID=60 TEXT=NEXT TRIAL VALUE
 000FFE24 *F34BF1F4 F1F5F9F2 F6F5F3F5 F8F9F7F9* *3.14159265358979*
 000FFE34 *F2F6F4F6 F4F8F5F1 F6F0F7F9 F6F7F6F4* *2646485160796764*
 000FFE44 *F8F9F240 40404040 40404040 40      * *892             *
SNAP DUMP ID=60 TEXT=PI DIFF
 000FFE78 *F54BF9F1 F9F7F7F4 F8F2F5F8 F6F5F1F4* *5.91977482586514*
 000FFE88 *F6F1F3C5 60F1F640 40404040 40404040* *613E-16         *
 000FFE98 *40404040 40404040 40404040 40      * *                *
SNAP DUMP ID=59 TEXT=NEXT TRIAL VALUE
 000FFE24 *F34BF1F4 F1F5F9F2 F6F5F3F5 F8F9F7F9* *3.14159265358979*
 000FFE34 *F3F0F9F9 F7F3F2F5 F2F2F6F9 F3F1F4F5* *3099732522693145*
 000FFE44 *F1F9F340 40404040 40404040 40      * *193             *
SNAP DUMP ID=59 TEXT=PI DIFF
 000FFE78 *F14BF3F8 F7F3F0F1 F2F0F6F9 F0F1F3F4* *1.38730120690134*
 000FFE88 *F3F1F2C5 60F1F640 40404040 40404040* *312E-16         *
 000FFE98 *40404040 40404040 40404040 40      * *                *
SNAP DUMP ID=58 TEXT=NEXT TRIAL VALUE
 000FFE24 *F34BF1F4 F1F5F9F2 F6F5F3F5 F8F9F7F9* *3.14159265358979*
 000FFE34 *F3F2F0F5 F8F6F4F1 F0F3F1F5 F5F6F9F9* *3205864103155699*
 000FFE44 *F5F5F340 40404040 40404040 40      * *553             *
SNAP DUMP ID=58 TEXT=PI DIFF
 000FFE78 *F34BF2F5 F9F8F5F4 F0F2F2F7 F5F7F9F9* *3.25985402275799*
 000FFE88 *F5F2C560 F1F74040 40404040 40404040* *52E-17          *
 000FFE98 *40404040 40404040 40404040 40      * *                *
SNAP DUMP ID=57 TEXT=NEXT TRIAL VALUE
 000FFE24 *F34BF1F4 F1F5F9F2 F6F5F3F5 F8F9F7F9* *3.14159265358979*
 000FFE34 *F3F2F3F0 F7F8F3F8 F1F6F2F9 F7F8F9F5* *3230783816297895*
 000FFE44 *F8F34040 40404040 40404040 40      * *83              *
SNAP DUMP ID=57 TEXT=PI DIFF
 000FFE78 *F74BF6F7 F8F8F2F7 F0F8F5F3 F8F3F6F7* *7.67882708538367*
 000FFE88 *F4C560F1 F8404040 40404040 40404040* *4E-18           *
 000FFE98 *40404040 40404040 40404040 40      * *                *
SNAP DUMP ID=56 TEXT=NEXT TRIAL VALUE
 000FFE24 *F34BF1F4 F1F5F9F2 F6F5F3F5 F8F9F7F9* *3.14159265358979*
 000FFE34 *F3F2F3F6 F6F4F9F7 F2F1F3F2 F2F8F3F8* *3236649721322838*
 000FFE44 *F3F0F640 40404040 40404040 40      * *306             *
SNAP DUMP ID=56 TEXT=PI DIFF
 000FFE78 *F14BF8F1 F2F9F2F2 F0F6F0F4 F4F1F1F9* *1.81292206044119*
 000FFE88 *F7C560F1 F8404040 40404040 40404040* *7E-18           *
 000FFE98 *40404040 40404040 40404040 40      * *                *
SNAP DUMP ID=55 TEXT=NEXT TRIAL VALUE
 000FFE24 *F34BF1F4 F1F5F9F2 F6F5F3F5 F8F9F7F9* *3.14159265358979*
 000FFE34 *F3F2F3F8 F0F3F3F7 F2F1F5F9 F2F2F3F9* *3238033721592239*
 000FFE44 *F1F9F440 40404040 40404040 40      * *194             *
SNAP DUMP ID=55 TEXT=PI DIFF
 000FFE78 *F44BF2F8 F9F2F1F7 F9F1F0F4 F0F3F1C5* *4.2892179104031E*
 000FFE88 *60F1F940 40404040 40404040 40404040* *-19             *
 000FFE98 *40404040 40404040 40404040 40      * *                *
SNAP DUMP ID=54 TEXT=NEXT TRIAL VALUE
 000FFE24 *F34BF1F4 F1F5F9F2 F6F5F3F5 F8F9F7F9* *3.14159265358979*
 000FFE34 *F3F2F3F8 F3F6F0F9 F6F5F4F2 F6F9F8F2* *3238360965426982*
 000FFE44 *F2F1F440 40404040 40404040 40      * *214             *
SNAP DUMP ID=54 TEXT=PI DIFF
 000FFE78 *F14BF0F1 F6F7F7F9 F5F6F2F9 F7F2F8F9* *1.01677956297289*
 000FFE88 *C560F1F9 40404040 40404040 40404040* *E-19            *
 000FFE98 *40404040 40404040 40404040 40      * *                *
SNAP DUMP ID=53 TEXT=NEXT TRIAL VALUE
 000FFE24 *F34BF1F4 F1F5F9F2 F6F5F3F5 F8F9F7F9* *3.14159265358979*
 000FFE34 *F3F2F3F8 F4F3F8F4 F9F6F1F7 F5F7F3F6* *3238438496175736*
 000FFE44 *F7F2F840 40404040 40404040 40      * *728             *
SNAP DUMP ID=53 TEXT=PI DIFF
 000FFE78 *F24BF4F1 F4F7F2F0 F7F5F4F2 F7F7F5C5* *2.4147207542775E*
 000FFE88 *60F2F040 40404040 40404040 40404040* *-20             *
 000FFE98 *40404040 40404040 40404040 40      * *                *
SNAP DUMP ID=52 TEXT=NEXT TRIAL VALUE
 000FFE24 *F34BF1F4 F1F5F9F2 F6F5F3F5 F8F9F7F9* *3.14159265358979*
 000FFE34 *F3F2F3F8 F4F5F6F8 F9F8F9F6 F6F6F9F9* *3238456898966699*
 000FFE44 *F8F6F740 40404040 40404040 40      * *867             *
SNAP DUMP ID=52 TEXT=PI DIFF
 000FFE78 *F54BF7F4 F4F4F1F6 F5F7F9F6 F3F8C560* *5.744416579638E-*
 000FFE88 *F2F14040 40404040 40404040 40404040* *21              *
 000FFE98 *40404040 40404040 40404040 40      * *                *
SNAP DUMP ID=51 TEXT=NEXT TRIAL VALUE
 000FFE24 *F34BF1F4 F1F5F9F2 F6F5F3F5 F8F9F7F9* *3.14159265358979*
 000FFE34 *F3F2F3F8 F4F6F1F2 F7F4F6F5 F7F6F3F8* *3238461274657638*
 000FFE44 *F5F7F540 40404040 40404040 40      * *575             *
SNAP DUMP ID=51 TEXT=PI DIFF
 000FFE78 *F14BF3F6 F8F7F2F5 F6F4F0F9 F3C560F2* *1.36872564093E-2*
 000FFE88 *F1404040 40404040 40404040 40404040* *1               *
 000FFE98 *40404040 40404040 40404040 40      * *                *
SNAP DUMP ID=50 TEXT=NEXT TRIAL VALUE
 000FFE24 *F34BF1F4 F1F5F9F2 F6F5F3F5 F8F9F7F9* *3.14159265358979*
 000FFE34 *F3F2F3F8 F4F6F2F3 F1F6F7F6 F8F8F7F6* *3238462316768876*
 000FFE44 *F6404040 40404040 40404040 40      * *6               *
SNAP DUMP ID=50 TEXT=PI DIFF
 000FFE78 *F34BF2F6 F6F1F4F4 F0F2F9F0 F3C560F2* *3.26614402903E-2*
 000FFE88 *F2404040 40404040 40404040 40404040* *2               *
 000FFE98 *40404040 40404040 40404040 40      * *                *
SNAP DUMP ID=49 TEXT=NEXT TRIAL VALUE
 000FFE24 *F34BF1F4 F1F5F9F2 F6F5F3F5 F8F9F7F9* *3.14159265358979*
 000FFE34 *F3F2F3F8 F4F6F2F5 F6F5F3F3 F4F9F5F2* *3238462565334952*
 000FFE44 *F5F4F740 40404040 40404040 40      * *547             *
SNAP DUMP ID=49 TEXT=PI DIFF
 000FFE78 *F74BF8F0 F4F8F3F2 F6F9F5F8 C560F2F3* *7.8048326958E-23*
 000FFE88 *40404040 40404040 40404040 40404040* *                *
 000FFE98 *40404040 40404040 40404040 40      * *                *
SNAP DUMP ID=48 TEXT=NEXT TRIAL VALUE
 000FFE24 *F34BF1F4 F1F5F9F2 F6F5F3F5 F8F9F7F9* *3.14159265358979*
 000FFE34 *F3F2F3F8 F4F6F2F6 F2F4F7F0 F8F0F6F8* *3238462624708068*
 000FFE44 *F2F6F940 40404040 40404040 40      * *269             *
SNAP DUMP ID=48 TEXT=PI DIFF
 000FFE78 *F14BF8F6 F7F5F2F1 F1F2F3F7 C560F2F3* *1.8675211237E-23*
 000FFE88 *40404040 40404040 40404040 40404040* *                *
 000FFE98 *40404040 40404040 40404040 40      * *                *
SNAP DUMP ID=47 TEXT=NEXT TRIAL VALUE
 000FFE24 *F34BF1F4 F1F5F9F2 F6F5F3F5 F8F9F7F9* *3.14159265358979*
 000FFE34 *F3F2F3F8 F4F6F2F6 F3F8F9F0 F9F1F5F0* *3238462638909150*
 000FFE44 *F7F7F440 40404040 40404040 40      * *774             *
SNAP DUMP ID=47 TEXT=PI DIFF
 000FFE78 *F44BF4F7 F4F1F2F8 F7F3F1C5 60F2F440* *4.474128731E-24 *
 000FFE88 *40404040 40404040 40404040 40404040* *                *
 000FFE98 *40404040 40404040 40404040 40      * *                *
SNAP DUMP ID=46 TEXT=NEXT TRIAL VALUE
 000FFE24 *F34BF1F4 F1F5F9F2 F6F5F3F5 F8F9F7F9* *3.14159265358979*
 000FFE34 *F3F2F3F8 F4F6F2F6 F4F2F3F1 F0F1F2F4* *3238462642310124*
 000FFE44 *F3F0F440 40404040 40404040 40      * *304             *
SNAP DUMP ID=46 TEXT=PI DIFF
 000FFE78 *F14BF0F7 F3F1F5F5 F1F9F9C5 60F2F440* *1.073155199E-24 *
 000FFE88 *40404040 40404040 40404040 40404040* *                *
 000FFE98 *40404040 40404040 40404040 40      * *                *
SNAP DUMP ID=45 TEXT=NEXT TRIAL VALUE
 000FFE24 *F34BF1F4 F1F5F9F2 F6F5F3F5 F8F9F7F9* *3.14159265358979*
 000FFE34 *F3F2F3F8 F4F6F2F6 F4F3F1F2 F5F5F8F7* *3238462643125587*
 000FFE44 *F9F4F440 40404040 40404040 40      * *944             *
SNAP DUMP ID=45 TEXT=PI DIFF
 000FFE78 *F24BF5F7 F6F9F1F5 F5F9C560 F2F54040* *2.57691559E-25  *
 000FFE88 *40404040 40404040 40404040 40404040* *                *
 000FFE98 *40404040 40404040 40404040 40      * *                *
SNAP DUMP ID=44 TEXT=NEXT TRIAL VALUE
 000FFE24 *F34BF1F4 F1F5F9F2 F6F5F3F5 F8F9F7F9* *3.14159265358979*
 000FFE34 *F3F2F3F8 F4F6F2F6 F4F3F3F2 F1F3F3F5* *3238462643321335*
 000FFE44 *F9F54040 40404040 40404040 40      * *95              *
SNAP DUMP ID=44 TEXT=PI DIFF
 000FFE78 *F64BF1F9 F4F3F5F5 F3C560F2 F6404040* *6.1943553E-26   *
 000FFE88 *40404040 40404040 40404040 40404040* *                *
 000FFE98 *40404040 40404040 40404040 40      * *                *
SNAP DUMP ID=43 TEXT=NEXT TRIAL VALUE
 000FFE24 *F34BF1F4 F1F5F9F2 F6F5F3F5 F8F9F7F9* *3.14159265358979*
 000FFE34 *F3F2F3F8 F4F6F2F6 F4F3F3F6 F8F3F7F4* *3238462643368374*
 000FFE44 *F6F7F940 40404040 40404040 40      * *679             *
SNAP DUMP ID=43 TEXT=PI DIFF
 000FFE78 *F14BF4F9 F0F4F8F2 F5C560F2 F6404040* *1.4904825E-26   *
 000FFE88 *40404040 40404040 40404040 40404040* *                *
 000FFE98 *40404040 40404040 40404040 40      * *                *
SNAP DUMP ID=42 TEXT=NEXT TRIAL VALUE
 000FFE24 *F34BF1F4 F1F5F9F2 F6F5F3F5 F8F9F7F9* *3.14159265358979*
 000FFE34 *F3F2F3F8 F4F6F2F6 F4F3F3F7 F9F6F8F9* *3238462643379689*
 000FFE44 *F6F9F940 40404040 40404040 40      * *699             *
SNAP DUMP ID=42 TEXT=PI DIFF
 000FFE78 *F34BF5F8 F9F8F0F5 C560F2F7 40404040* *3.589805E-27    *
 000FFE88 *40404040 40404040 40404040 40404040* *                *
 000FFE98 *40404040 40404040 40404040 40      * *                *
SNAP DUMP ID=41 TEXT=NEXT TRIAL VALUE
 000FFE24 *F34BF1F4 F1F5F9F2 F6F5F3F5 F8F9F7F9* *3.14159265358979*
 000FFE34 *F3F2F3F8 F4F6F2F6 F4F3F3F8 F2F4F1F4* *3238462643382414*
 000FFE44 *F1F2F240 40404040 40404040 40      * *122             *
SNAP DUMP ID=41 TEXT=PI DIFF
 000FFE78 *F84BF6F5 F3F8F2C5 60F2F840 40404040* *8.65382E-28     *
 000FFE88 *40404040 40404040 40404040 40404040* *                *
 000FFE98 *40404040 40404040 40404040 40      * *                *
SNAP DUMP ID=40 TEXT=NEXT TRIAL VALUE
 000FFE24 *F34BF1F4 F1F5F9F2 F6F5F3F5 F8F9F7F9* *3.14159265358979*
 000FFE34 *F3F2F3F8 F4F6F2F6 F4F3F3F8 F3F0F7F0* *3238462643383070*
 000FFE44 *F7F14040 40404040 40404040 40      * *71              *
SNAP DUMP ID=40 TEXT=PI DIFF
 000FFE78 *F24BF0F8 F7F9F4C5 60F2F840 40404040* *2.08794E-28     *
 000FFE88 *40404040 40404040 40404040 40404040* *                *
 000FFE98 *40404040 40404040 40404040 40      * *                *
SNAP DUMP ID=39 TEXT=NEXT TRIAL VALUE
 000FFE24 *F34BF1F4 F1F5F9F2 F6F5F3F5 F8F9F7F9* *3.14159265358979*
 000FFE34 *F3F2F3F8 F4F6F2F6 F4F3F3F8 F3F2F2F9* *3238462643383229*
 000FFE44 *F0F8F740 40404040 40404040 40      * *087             *
SNAP DUMP ID=39 TEXT=PI DIFF
 000FFE78 *F54BF0F4 F1F8C560 F2F94040 40404040* *5.0418E-29      *
 000FFE88 *40404040 40404040 40404040 40404040* *                *
 000FFE98 *40404040 40404040 40404040 40      * *                *
SNAP DUMP ID=38 TEXT=NEXT TRIAL VALUE
 000FFE24 *F34BF1F4 F1F5F9F2 F6F5F3F5 F8F9F7F9* *3.14159265358979*
 000FFE34 *F3F2F3F8 F4F6F2F6 F4F3F3F8 F3F2F6F7* *3238462643383267*
 000FFE44 *F3F2F240 40404040 40404040 40      * *322             *
SNAP DUMP ID=38 TEXT=PI DIFF
 000FFE78 *F14BF2F1 F8F4C560 F2F94040 40404040* *1.2184E-29      *
 000FFE88 *40404040 40404040 40404040 40404040* *                *
 000FFE98 *40404040 40404040 40404040 40      * *                *
SNAP DUMP ID=37 TEXT=NEXT TRIAL VALUE
 000FFE24 *F34BF1F4 F1F5F9F2 F6F5F3F5 F8F9F7F9* *3.14159265358979*
 000FFE34 *F3F2F3F8 F4F6F2F6 F4F3F3F8 F3F2F7F6* *3238462643383276*
 000FFE44 *F5F5F740 40404040 40404040 40      * *557             *
SNAP DUMP ID=37 TEXT=PI DIFF
 000FFE78 *F24BF9F4 F6C560F3 F0404040 40404040* *2.946E-30       *
 000FFE88 *40404040 40404040 40404040 40404040* *                *
 000FFE98 *40404040 40404040 40404040 40      * *                *
SNAP DUMP ID=36 TEXT=NEXT TRIAL VALUE
 000FFE24 *F34BF1F4 F1F5F9F2 F6F5F3F5 F8F9F7F9* *3.14159265358979*
 000FFE34 *F3F2F3F8 F4F6F2F6 F4F3F3F8 F3F2F7F8* *3238462643383278*
 000FFE44 *F7F9F140 40404040 40404040 40      * *791             *
SNAP DUMP ID=36 TEXT=PI DIFF
 000FFE78 *F74BF1F2 C560F3F1 40404040 40404040* *7.12E-31        *
 000FFE88 *40404040 40404040 40404040 40404040* *                *
 000FFE98 *40404040 40404040 40404040 40      * *                *
SNAP DUMP ID=35 TEXT=NEXT TRIAL VALUE
 000FFE24 *F34BF1F4 F1F5F9F2 F6F5F3F5 F8F9F7F9* *3.14159265358979*
 000FFE34 *F3F2F3F8 F4F6F2F6 F4F3F3F8 F3F2F7F9* *3238462643383279*
 000FFE44 *F3F3F340 40404040 40404040 40      * *333             *
SNAP DUMP ID=35 TEXT=PI DIFF
 000FFE78 *F14BF7F2 C560F3F1 40404040 40404040* *1.72E-31        *
 000FFE88 *40404040 40404040 40404040 40404040* *                *
 000FFE98 *40404040 40404040 40404040 40      * *                *
SNAP DUMP ID=34 TEXT=NEXT TRIAL VALUE
 000FFE24 *F34BF1F4 F1F5F9F2 F6F5F3F5 F8F9F7F9* *3.14159265358979*
 000FFE34 *F3F2F3F8 F4F6F2F6 F4F3F3F8 F3F2F7F9* *3238462643383279*
 000FFE44 *F4F6F340 40404040 40404040 40      * *463             *
SNAP DUMP ID=34 TEXT=PI DIFF
 000FFE78 *F44BF1C5 60F3F240 40404040 40404040* *4.1E-32         *
 000FFE88 *40404040 40404040 40404040 40404040* *                *
 000FFE98 *40404040 40404040 40404040 40      * *                *
SNAP DUMP ID=33 TEXT=NEXT TRIAL VALUE
 000FFE24 *F34BF1F4 F1F5F9F2 F6F5F3F5 F8F9F7F9* *3.14159265358979*
 000FFE34 *F3F2F3F8 F4F6F2F6 F4F3F3F8 F3F2F7F9* *3238462643383279*
 000FFE44 *F4F9F740 40404040 40404040 40      * *497             *
SNAP DUMP ID=33 TEXT=PI DIFF
 000FFE78 *F9C560F3 F3404040 40404040 40404040* *9E-33           *
 000FFE88 *40404040 40404040 40404040 40404040* *                *
 000FFE98 *40404040 40404040 40404040 40      * *                *
SNAP DUMP ID=32 TEXT=NEXT TRIAL VALUE
 000FFE24 *F34BF1F4 F1F5F9F2 F6F5F3F5 F8F9F7F9* *3.14159265358979*
 000FFE34 *F3F2F3F8 F4F6F2F6 F4F3F3F8 F3F2F7F9* *3238462643383279*
 000FFE44 *F5F0F340 40404040 40404040 40      * *503             *
SNAP DUMP ID=32 TEXT=PI DIFF
 000FFE78 *F1C560F3 F3404040 40404040 40404040* *1E-33           *
 000FFE88 *40404040 40404040 40404040 40404040* *                *
 000FFE98 *40404040 40404040 40404040 40      * *                *
SNAP DUMP ID=31 TEXT=NEXT TRIAL VALUE
 000FFE24 *F34BF1F4 F1F5F9F2 F6F5F3F5 F8F9F7F9* *3.14159265358979*
 000FFE34 *F3F2F3F8 F4F6F2F6 F4F3F3F8 F3F2F7F9* *3238462643383279*
 000FFE44 *F5F0F640 40404040 40404040 40      * *506             *
SNAP DUMP ID=31 TEXT=PI DIFF
 000FFE78 *60F1C560 F3F34040 40404040 40404040* *-1E-33          *
 000FFE88 *40404040 40404040 40404040 40404040* *                *
 000FFE98 *40404040 40404040 40404040 40      * *                *
SNAP DUMP ID=2 TEXT=Output Area
 000FFE24 *F34BF1F4 F1F5F9F2 F6F5F3F5 F8F9F7F9* *3.14159265358979*
 000FFE34 *F3F2F3F8 F4F6F2F6 F4F3F3F8 F3F2F7F9* *3238462643383279*
 000FFE44 *F5F0F640 40404040 40404040 40      * *506             *
EZ390I V1.3.09 ended   date 12/27/07 time 08:48:14
EZ390I total instructions   = 2339
EZ390I total seconds        = 0
EZ390I instructions/sec     = 10879
EZ390I total errors         = 0
EZ390I return code(P8LM1   )= 0
