06:49:24 p5dw1     EZ390 STARTED USING z390 V1.4.03 ON J2SE 1.6.0_07
EZ390I Copyright 2008 Automated Software Tools Corporation
EZ390I z390 is licensed under GNU General Public License
EZ390I program = mfacc\p5dw1.390
EZ390I options = 
ZMFACC Solution for problem P5DW1 by DAVID WILKINSON using RUNSYS=390
SNAP DUMP ID=1 TEXT=Input Area
 000FC130 *00010203 04050607 08090A0B 0C0D0E0F* *................*
 000FC140 *10111213 14151617 18191A1B 1C1D1E1F* *................*
 000FC150 *20212223 24252627 28292A2B 2C2D2E2F* *................*
 000FC160 *30313233 34353637 38393A3B 3C3D3E3F* *................*
 000FC170 *40414243 44454647 48494A4B 4C4D4E4F* * ...........<(+|*
 000FC180 *50515253 54555657 58595A5B 5C5D5E5F* *&.........!$*);.*
 000FC190 *60616263 64656667 68696A6B 6C6D6E6F* *-/.........,%_>?*
 000FC1A0 *70717273 74757677 78797A7B 7C7D7E7F* *.........`:#@'="*
 000FC1B0 *80818283 84858687 88898A8B 8C8D8E8F* *.abcdefghi......*
 000FC1C0 *90919293 94959697 98999A9B 9C9D9E9F* *.jklmnopqr......*
 000FC1D0 *A0A1A2A3 A4A5A6A7 A8A9AAAB ACADAEAF* *.~stuvwxyz......*
 000FC1E0 *B0B1B2B3 B4B5B6B7 B8B9BABB BCBDBEBF* *^.........[]....*
 000FC1F0 *C0C1C2C3 C4C5C6C7 C8C9CACB CCCDCECF* *{ABCDEFGHI......*
 000FC200 *D0D1D2D3 D4D5D6D7 D8D9DADB DCDDDEDF* *}JKLMNOPQR......*
 000FC210 *E0E1E2E3 E4E5E6E7 E8E9EAEB ECEDEEEF* *\.STUVWXYZ......*
 000FC220 *F0F1F2F3 F4F5F6F7 F8F9FAFB FCFDFEFF* *0123456789......*
SNAP DUMP ID=2 TEXT=Output Area
 000FC430 *00010203 04050607 08090A0B 0C0D0E0F* *................*
 000FC440 *10111213 14151617 18191A1B 1C1D1E1F* *................*
 000FC450 *20212223 24252627 28292A2B 2C2D2E2F* *................*
 000FC460 *30313233 34353637 38393A3B 3C3D3E3F* *................*
 000FC470 *40414243 44454647 48494A4B 4C4D4E4F* * ...........<(+|*
 000FC480 *50515253 54555657 58595A5B 5C5D5E5F* *&.........!$*);.*
 000FC490 *60616263 64656667 68696A6B 6C6D6E6F* *-/.........,%_>?*
 000FC4A0 *70717273 74757677 78797A7B 7C7D7E7F* *.........`:#@'="*
 000FC4B0 *80818283 84858687 88898A8B 8C8D8E8F* *.abcdefghi......*
 000FC4C0 *90919293 94959697 98999A9B 9C9D9E9F* *.jklmnopqr......*
 000FC4D0 *A0A1A2A3 A4A5A6A7 A8A9AAAB ACADAEAF* *.~stuvwxyz......*
 000FC4E0 *B0B1B2B3 B4B5B6B7 B8B9BABB BCBDBEBF* *^.........[]....*
 000FC4F0 *C0C1C2C3 C4C5C6C7 C8C9CACB CCCDCECF* *{ABCDEFGHI......*
 000FC500 *D0D1D2D3 D4D5D6D7 D8D9DADB DCDDDEDF* *}JKLMNOPQR......*
 000FC510 *E0E1E2E3 E4E5E6E7 E8E9EAEB ECEDEEEF* *\.STUVWXYZ......*
 000FC520 *F0F1F2F3 F4F5F6F7 F8F9FAFB FCFDFEFF* *0123456789......*
EZ390I instructions/sec     = 1850
EZ390I total errors         = 0
06:49:24 p5dw1     EZ390 ENDED   RC= 0 SEC= 0 MEM(MB)= 17 IO=67 INS=37
