EZ390I Copyright 2006 Automated Software Tools Corporation
EZ390I z390 is licensed under GNU General Public License
EZ390I program = P10DSH1
EZ390I options = 
EZ390I V1.3.08h started date 01/01/08 time 08:25:16
ZMFACC Solution for problem P10DSH1 by Don Higgins using RUNSYS=390
SNAP DUMP ID=1 TEXT=Input Area
 000FF9EC *00000000 00000000 00000000 00000000* *................*
 ........
 000FFA0C *00000001 00000000 00000000 0DE0B6B3* *.............\..*
 000FFA1C *A7640000 00000000 00000000 8AC72304* *x............G..*
 000FFA2C *89E80000 00000000 00000000 FFFFFFFF* *iY..............*
 000FFA3C *FFFFFFFF 00000000 00000001 FFFFFFFF* *................*
 000FFA4C *FFFFFFFF 7FFFFFFF FFFFFFFF FFFFFFFF* *...."...........*
 000FFA5C *FFFFFFFF FFFFFFFF FFFFFFFF FFFFFFFF* *................*
 000FFA6C *FFFFFFFF                           * *....            *
VERIFY OK - CALCULATED EQUALS EXPECTED DISPLAY VALUES
SNAP DUMP ID=2 TEXT=Output Area
 000FFA70 *E3C1C2D3 C540D6C6 40C3C1D3 C3E4D3C1* *TABLE OF CALCULA*
 000FFA80 *E3C5C440 C4C9E2D7 D3C1E840 E4D5E2C9* *TED DISPLAY UNSI*
 000FFA90 *C7D5C5C4 40C9D5E3 C5C7C5D9 E27E4040* *GNED INTEGERS=  *
 000FFAA0 *40404040 40404040 40404040 40404040* *                *
 ........
 000FFAD0 *404040F0 40404040 40404040 40404040* *   0            *
 000FFAE0 *40404040 40404040 40404040 40404040* *                *
 ........
 000FFB00 *40404040 40404040 40F14040 40404040* *         1      *
 000FFB10 *40404040 40404040 40404040 40404040* *                *
 000FFB20 *40404040 404040F1 6BF0F0F0 6BF0F0F0* *       1,000,000*
 000FFB30 *6BF0F0F0 6BF0F0F0 6BF0F0F0 6BF0F0F0* *,000,000,000,000*
 000FFB40 *40404040 40404040 40404040 40404040* *                *
 000FFB50 *40404040 40404040 40404040 F1F06BF0* *            10,0*
 000FFB60 *F0F06BF0 F0F06BF0 F0F06BF0 F0F06BF0* *00,000,000,000,0*
 000FFB70 *F0F06BF0 F0F04040 40404040 40404040* *00,000          *
 000FFB80 *40404040 40404040 40404040 40404040* *                *
 000FFB90 *4040F1F8 6BF4F4F6 6BF7F4F4 6BF0F7F3* *  18,446,744,073*
 000FFBA0 *6BF7F0F9 6BF5F5F1 6BF6F1F5 40404040* *,709,551,615    *
 000FFBB0 *40404040 40404040 40404040 40404040* *                *
 000FFBC0 *40404040 40404040 F3F66BF8 F9F36BF4* *        36,893,4*
 000FFBD0 *F8F86BF1 F4F76BF4 F1F96BF1 F0F36BF2* *88,147,419,103,2*
 000FFBE0 *F3F14040 40F1F7F0 6BF1F4F1 6BF1F8F3* *31   170,141,183*
 000FFBF0 *6BF4F6F0 6BF4F6F9 6BF2F3F1 6BF7F3F1* *,460,469,231,731*
 000FFC00 *6BF6F8F7 6BF3F0F3 6BF7F1F5 6BF8F8F4* *,687,303,715,884*
 000FFC10 *6BF1F0F5 6BF7F2F7 404040F3 F4F06BF2* *,105,727   340,2*
 000FFC20 *F8F26BF3 F6F66BF9 F2F06BF9 F3F86BF4* *82,366,920,938,4*
 000FFC30 *F6F36BF4 F6F36BF3 F7F46BF6 F0F76BF4* *63,463,374,607,4*
 000FFC40 *F3F16BF7 F6F86BF2 F1F16BF4 F5F5E3C1* *31,768,211,455TA*
 000FFC50 *C2D3C540 D6C640C5 E7D7C5C3 E3C5C440* *BLE OF EXPECTED *
 000FFC60 *C4C9E2D7 D3C1E840 E4D5E2C9 C7D5C5C4* *DISPLAY UNSIGNED*
 000FFC70 *40C9D5E3 C5C7C5D9 E27E4040 40404040* * INTEGERS=      *
 000FFC80 *40404040 40404040 40404040 40404040* *                *
 ........
 000FFCA0 *40404040 40404040 40404040 404040F0* *               0*
 000FFCB0 *40404040 40404040 40404040 40404040* *                *
 ........
 000FFCE0 *40404040 40F14040 40404040 40404040* *     1          *
 000FFCF0 *40404040 40404040 40404040 40404040* *                *
 000FFD00 *404040F1 6BF0F0F0 6BF0F0F0 6BF0F0F0* *   1,000,000,000*
 000FFD10 *6BF0F0F0 6BF0F0F0 6BF0F0F0 40404040* *,000,000,000    *
 000FFD20 *40404040 40404040 40404040 40404040* *                *
 000FFD30 *40404040 40404040 F1F06BF0 F0F06BF0* *        10,000,0*
 000FFD40 *F0F06BF0 F0F06BF0 F0F06BF0 F0F06BF0* *00,000,000,000,0*
 000FFD50 *F0F04040 40404040 40404040 40404040* *00              *
 000FFD60 *40404040 40404040 40404040 4040F1F8* *              18*
 000FFD70 *6BF4F4F6 6BF7F4F4 6BF0F7F3 6BF7F0F9* *,446,744,073,709*
 000FFD80 *6BF5F5F1 6BF6F1F5 40404040 40404040* *,551,615        *
 000FFD90 *40404040 40404040 40404040 40404040* *                *
 000FFDA0 *40404040 F3F66BF8 F9F36BF4 F8F86BF1* *    36,893,488,1*
 000FFDB0 *F4F76BF4 F1F96BF1 F0F36BF2 F3F14040* *47,419,103,231  *
 000FFDC0 *40F1F7F0 6BF1F4F1 6BF1F8F3 6BF4F6F0* * 170,141,183,460*
 000FFDD0 *6BF4F6F9 6BF2F3F1 6BF7F3F1 6BF6F8F7* *,469,231,731,687*
 000FFDE0 *6BF3F0F3 6BF7F1F5 6BF8F8F4 6BF1F0F5* *,303,715,884,105*
 000FFDF0 *6BF7F2F7 404040F3 F4F06BF2 F8F26BF3* *,727   340,282,3*
 000FFE00 *F6F66BF9 F2F06BF9 F3F86BF4 F6F36BF4* *66,920,938,463,4*
 000FFE10 *F6F36BF3 F7F46BF6 F0F76BF4 F3F16BF7* *63,374,607,431,7*
 000FFE20 *F6F86BF2 F1F16BF4 F5F5             * *68,211,455      *
EZ390I V1.3.08h ended   date 01/01/08 time 08:25:16
EZ390I total instructions   = 292
EZ390I total seconds        = 0
EZ390I instructions/sec     = 4492
EZ390I total errors         = 0
EZ390I return code(P10DSH1 )= 0
