P12DSH3   EZ390 STARTED USING z390 V1.4.00f ON J2SE 1.6.0_04
EZ390I Copyright 2008 Automated Software Tools Corporation
EZ390I z390 is licensed under GNU General Public License
EZ390I program = mfacc\P12DSH3.390
EZ390I options = @rt\RT1=(bal notiming stats) systerm(rtmfacc)
ZMFACC Solution for problem P10DSH3 by DON HIGGINS using RUNSYS=390
SNAP DUMP ID=1 TEXT=Input Area
 000FFBF8 *22080000 00000000 00000000 00000001* *................*
 000FFC08 *22080000 00000000 00000000 00000002* *................*
 000FFC18 *22080000 00000000 00000000 00000003* *................*
 000FFC28 *22080000 00000000 00000000 00000006* *................*
SNAP DUMP ID=1
 000FFE40 *F24BF2F5 40404040 40404040 40404040* *2.25            *
 000FFE50 *40404040 40404040 40404040 40404040* *                *
 000FFE60 *40404040 40404040 40404040 40      * *                *
SNAP DUMP ID=1
 000FFE40 *F14BF9F0 F2F7F7F7 F7F7F7F7 F7F7F7F7* *1.90277777777777*
 000FFE50 *F7F7F7F7 F7F7F7F7 F7F7F7F7 F7F7F7F7* *7777777777777777*
 000FFE60 *F7F7F840 40404040 40404040 40      * *778             *
SNAP DUMP ID=1
 000FFE40 *F14BF8F7 F1F0F9F6 F9F1F8F0 F8F5F9F6* *1.87109691808596*
 000FFE50 *F9F1F8F0 F8F5F9F6 F9F1F8F0 F8F5F9F6* *9180859691808596*
 000FFE60 *F9F1F840 40404040 40404040 40      * *918             *
SNAP DUMP ID=1
 000FFE40 *F14BF8F7 F0F8F2F8 F7F1F2F6 F1F2F1F8* *1.87082871261218*
 000FFE50 *F7F8F5F2 F1F5F3F3 F5F7F9F4 F6F1F2F6* *7852153357946126*
 000FFE60 *F5F4F240 40404040 40404040 40      * *542             *
SNAP DUMP ID=1
 000FFE40 *F14BF8F7 F0F8F2F8 F6F9F3F3 F8F6F9F7* *1.87082869338697*
 000FFE50 *F0F7F9F1 F5F7F4F0 F2F6F9F8 F4F6F4F4* *0791574026984644*
 000FFE60 *F6F9F840 40404040 40404040 40      * *698             *
SNAP DUMP ID=1
 000FFE40 *F14BF8F7 F0F8F2F8 F6F9F3F3 F8F6F9F7* *1.87082869338697*
 000FFE50 *F0F6F9F2 F7F9F1F8 F7F4F3F6 F6F1F5F8* *0692791874366158*
 000FFE60 *F2F7F840 40404040 40404040 40      * *278             *
SNAP DUMP ID=2 TEXT=Output Area
 000FFC38 *25FFC7C4 BB3B7A8F CCEB9B9F 1E636174* *..GD].:......./.*
 000FFC48 *F14BF8F7 F0F8F2F8 F6F9F3F3 F8F6F9F7* *1.87082869338697*
 000FFC58 *F0F6F9F2 F7F9F1F8 F7F4F3F6 F6F1F5F8* *0692791874366158*
 000FFC68 *F2F7F440 40404040 40404040 40      * *274             *
EZ390I total errors         = 0
P12DSH3   EZ390 ENDED   RC= 0 MEM(MB)= 17 IO=96 INS=301
